Instalacion de file-5.32 
Sat May 19 21:33:06 CEST 2018 file <Configure> -> Conforme
Sat May 19 21:33:09 CEST 2018 file <Make> -> Conforme
Sat May 19 21:33:09 CEST 2018 file <Make_install> -> Conforme
Sat May 19 21:33:09 CEST 2018 file <Tiempo de instalación> 21:32:59 21:33:09

Instalacion de linux-4.16 
Sat May 19 21:33:23 CEST 2018 linux <make mrproper> -> Conforme
Sat May 19 21:33:33 CEST 2018 linux <make ARCH=x86_64 headers_check> -> Conforme
Sat May 19 21:33:38 CEST 2018 linux <make ARCH=x86_64 INSTALL_HDR_PATH=/tools headers_install> -> Conforme
Sat May 19 21:33:39 CEST 2018 linux <Tiempo de instalación> 21:33:09 21:33:39

Instalacion de m4-1.4.18 
Sat May 19 21:34:08 CEST 2018 m4 <Configure> -> Conforme
Sat May 19 21:34:12 CEST 2018 m4 <Make> -> Conforme
Sat May 19 21:34:12 CEST 2018 m4 <Make_install> -> Conforme
Sat May 19 21:34:12 CEST 2018 m4 <Tiempo de instalación> 21:33:39 21:34:12

Instalacion de ncurses-6.1 para cross-tools
Sat May 19 21:34:23 CEST 2018 ncurses <Configure> -> Conforme
Sat May 19 21:34:23 CEST 2018 ncurses <make -C include> -> Conforme
Sat May 19 21:34:30 CEST 2018 ncurses <make -C progs tic> -> Conforme
Sat May 19 21:34:30 CEST 2018 ncurses <install tic> -> Conforme
Sat May 19 21:34:30 CEST 2018 ncurses <Tiempo de instalación> 21:34:12 21:34:30

Instalacion de pkg-config-lite-0.28-1 
Sat May 19 21:34:35 CEST 2018 pkg-config-lite <Configure> -> Conforme
Sat May 19 21:34:36 CEST 2018 pkg-config-lite <Make> -> Conforme
Sat May 19 21:34:36 CEST 2018 pkg-config-lite <Make_install> -> Conforme
Sat May 19 21:34:36 CEST 2018 pkg-config-lite <Tiempo de instalación> 21:34:30 21:34:36

Instalacion de gmp-6.0.0 
Sat May 19 21:34:58 CEST 2018 gmp <Configure> -> Conforme
Sat May 19 21:35:18 CEST 2018 gmp <Make> -> Conforme
Sat May 19 21:35:19 CEST 2018 gmp <Make_install> -> Conforme
Sat May 19 21:35:19 CEST 2018 gmp <Tiempo de instalación> 21:34:36 21:35:19

Instalacion de mpfr-3.1.2 
Sat May 19 21:35:28 CEST 2018 mpfr <Configure> -> Conforme
Sat May 19 21:35:40 CEST 2018 mpfr <Make> -> Conforme
Sat May 19 21:35:40 CEST 2018 mpfr <Make_install> -> Conforme
Sat May 19 21:35:40 CEST 2018 mpfr <Tiempo de instalación> 21:35:19 21:35:40

Instalacion de mpc-1.0.2 
Sat May 19 21:35:45 CEST 2018 mpc <Configure> -> Conforme
Sat May 19 21:35:48 CEST 2018 mpc <Make> -> Conforme
Sat May 19 21:35:48 CEST 2018 mpc <Make_install> -> Conforme
Sat May 19 21:35:48 CEST 2018 mpc <Tiempo de instalación> 21:35:40 21:35:48

Instalacion de isl-0.18 
Sat May 19 21:35:54 CEST 2018 isl <Configure> -> Conforme
Sat May 19 21:36:14 CEST 2018 isl <Make> -> Conforme
Sat May 19 21:36:15 CEST 2018 isl <Make_install> -> Conforme
Sat May 19 21:36:15 CEST 2018 isl <Tiempo de instalación> 21:35:48 21:36:15

Instalacion de cloog-0.18.4 
Sat May 19 21:36:20 CEST 2018 cloog <Configure> -> Conforme
Sat May 19 21:36:20 CEST 2018 cloog <cp -v Makefile{,.orig}> -> Conforme
Sat May 19 21:36:20 CEST 2018 cloog <sed '/cmake/d' Makefile.orig > Makefile> -> Conforme
Sat May 19 21:36:22 CEST 2018 cloog <Make> -> Conforme
Sat May 19 21:36:22 CEST 2018 cloog <Make_install> -> Conforme
Sat May 19 21:36:22 CEST 2018 cloog <Tiempo de instalación> 21:36:15 21:36:22

Instalacion de binutils-2.30 
Sat May 19 21:36:25 CEST 2018 binutils <mkdir build> -> Conforme
Sat May 19 21:36:27 CEST 2018 binutils <Configure> -> Conforme
Sat May 19 21:37:39 CEST 2018 binutils <Make> -> Conforme
Sat May 19 21:37:40 CEST 2018 binutils <Make_install> -> Conforme
Sat May 19 21:37:40 CEST 2018 binutils <Tiempo de instalación> 21:36:22 21:37:40

Instalacion de gcc-8.1.0 STATIC + No Threads 
Sat May 19 21:37:47 CEST 2018 gcc <creado gcc/config/ia64/linux.h.orig> -> Conforme
Sat May 19 21:37:47 CEST 2018 gcc <creado gcc/config/ia64/sysv4.h.orig> -> Conforme
Sat May 19 21:37:47 CEST 2018 gcc <creado gcc/config/alpha/linux.h.orig> -> Conforme
Sat May 19 21:37:47 CEST 2018 gcc <creado gcc/config/vax/linux.h.orig> -> Conforme
Sat May 19 21:37:47 CEST 2018 gcc <creado gcc/config/linux.h.orig> -> Conforme
Sat May 19 21:37:47 CEST 2018 gcc <creado gcc/config/cris/linux.h.orig> -> Conforme
Sat May 19 21:37:47 CEST 2018 gcc <creado gcc/config/tilegx/linux.h.orig> -> Conforme
Sat May 19 21:37:47 CEST 2018 gcc <creado gcc/config/s390/linux.h.orig> -> Conforme
Sat May 19 21:37:48 CEST 2018 gcc <creado gcc/config/mips/linux.h.orig> -> Conforme
Sat May 19 21:37:48 CEST 2018 gcc <creado gcc/config/frv/linux.h.orig> -> Conforme
Sat May 19 21:37:48 CEST 2018 gcc <creado gcc/config/tilepro/linux.h.orig> -> Conforme
Sat May 19 21:37:48 CEST 2018 gcc <creado gcc/config/m68k/linux.h.orig> -> Conforme
Sat May 19 21:37:48 CEST 2018 gcc <creado gcc/config/h8300/linux.h.orig> -> Conforme
Sat May 19 21:37:48 CEST 2018 gcc <creado gcc/config/i386/linux.h.orig> -> Conforme
Sat May 19 21:37:48 CEST 2018 gcc <creado gcc/config/i386/sysv4.h.orig> -> Conforme
Sat May 19 21:37:48 CEST 2018 gcc <creado gcc/config/i386/linux64.h.orig> -> Conforme
Sat May 19 21:37:48 CEST 2018 gcc <creado gcc/config/m32r/linux.h.orig> -> Conforme
Sat May 19 21:37:48 CEST 2018 gcc <creado gcc/config/riscv/linux.h.orig> -> Conforme
Sat May 19 21:37:48 CEST 2018 gcc <creado gcc/config/mn10300/linux.h.orig> -> Conforme
Sat May 19 21:37:48 CEST 2018 gcc <creado gcc/config/rs6000/linux.h.orig> -> Conforme
Sat May 19 21:37:48 CEST 2018 gcc <creado gcc/config/rs6000/sysv4.h.orig> -> Conforme
Sat May 19 21:37:48 CEST 2018 gcc <creado gcc/config/rs6000/linux64.h.orig> -> Conforme
Sat May 19 21:37:48 CEST 2018 gcc <creado gcc/config/sh/linux.h.orig> -> Conforme
Sat May 19 21:37:48 CEST 2018 gcc <creado gcc/config/xtensa/linux.h.orig> -> Conforme
Sat May 19 21:37:48 CEST 2018 gcc <creado gcc/config/sparc/linux.h.orig> -> Conforme
Sat May 19 21:37:48 CEST 2018 gcc <creado gcc/config/sparc/sysv4.h.orig> -> Conforme
Sat May 19 21:37:48 CEST 2018 gcc <creado gcc/config/sparc/linux64.h.orig> -> Conforme
Sat May 19 21:37:48 CEST 2018 gcc <creado gcc/config/arc/linux.h.orig> -> Conforme
Sat May 19 21:37:48 CEST 2018 gcc <creado gcc/config/bfin/linux.h.orig> -> Conforme
Sat May 19 21:37:48 CEST 2018 gcc <creado gcc/config/microblaze/linux.h.orig> -> Conforme
Sat May 19 21:37:48 CEST 2018 gcc <creado gcc/config/powerpcspe/linux.h.orig> -> Conforme
Sat May 19 21:37:48 CEST 2018 gcc <creado gcc/config/powerpcspe/sysv4.h.orig> -> Conforme
Sat May 19 21:37:48 CEST 2018 gcc <creado gcc/config/powerpcspe/linux64.h.orig> -> Conforme
Sat May 19 21:37:48 CEST 2018 gcc <creado gcc/config/nios2/linux.h.orig> -> Conforme
Sat May 19 21:37:48 CEST 2018 gcc <touch /tools/include/limits.h> -> Conforme
Sat May 19 21:37:48 CEST 2018 gcc <mkdir -v build> -> Conforme
Sat May 19 21:37:51 CEST 2018 gcc <Configure> -> Conforme
Sat May 19 21:47:52 CEST 2018 gcc <Make> -> Conforme
Sat May 19 21:48:00 CEST 2018 gcc <Make_install> -> Conforme
Sat May 19 21:48:04 CEST 2018 gcc <Tiempo de instalación> 21:37:40 21:48:04

Instalacion de glibc-2.27 32 Bit
Sat May 19 21:48:16 CEST 2018 glibc <timezone> -> Conforme
Sat May 19 21:48:16 CEST 2018 glibc <mkdir build> -> Conforme
Sat May 19 21:48:16 CEST 2018 glibc <config.cache> -> Conforme
Sat May 19 21:48:21 CEST 2018 glibc <Configure> -> Conforme
Sat May 19 21:54:39 CEST 2018 glibc <Make> -> Conforme
Sat May 19 21:55:36 CEST 2018 glibc <Make_install> -> Conforme
Sat May 19 21:55:36 CEST 2018 glibc <Tiempo de instalación> 21:48:04 21:55:36

Instalacion de glibc-2.27 64 Bit
Sat May 19 21:55:48 CEST 2018 glibc <timezone> -> Conforme
Sat May 19 21:55:48 CEST 2018 glibc <mkdir build> -> Conforme
Sat May 19 21:55:48 CEST 2018 glibc <config.cache> -> Conforme
Sat May 19 21:55:48 CEST 2018 glibc <slibdir=/tools/lib64> -> Conforme
Sat May 19 21:55:52 CEST 2018 glibc <Configure> -> Conforme
Sat May 19 22:02:22 CEST 2018 glibc <Make> -> Conforme
Sat May 19 22:03:18 CEST 2018 glibc <Make_install> -> Conforme
Sat May 19 22:03:19 CEST 2018 glibc <Tiempo de instalación> 21:55:36 22:03:19

Instalacion de gcc-8.1.0 Pasada 2
Sat May 19 22:03:27 CEST 2018 gcc <creado gcc/config/ia64/linux.h.orig> -> Conforme
Sat May 19 22:03:27 CEST 2018 gcc <creado gcc/config/ia64/sysv4.h.orig> -> Conforme
Sat May 19 22:03:27 CEST 2018 gcc <creado gcc/config/alpha/linux.h.orig> -> Conforme
Sat May 19 22:03:27 CEST 2018 gcc <creado gcc/config/vax/linux.h.orig> -> Conforme
Sat May 19 22:03:27 CEST 2018 gcc <creado gcc/config/linux.h.orig> -> Conforme
Sat May 19 22:03:27 CEST 2018 gcc <creado gcc/config/cris/linux.h.orig> -> Conforme
Sat May 19 22:03:27 CEST 2018 gcc <creado gcc/config/tilegx/linux.h.orig> -> Conforme
Sat May 19 22:03:27 CEST 2018 gcc <creado gcc/config/s390/linux.h.orig> -> Conforme
Sat May 19 22:03:27 CEST 2018 gcc <creado gcc/config/mips/linux.h.orig> -> Conforme
Sat May 19 22:03:27 CEST 2018 gcc <creado gcc/config/frv/linux.h.orig> -> Conforme
Sat May 19 22:03:27 CEST 2018 gcc <creado gcc/config/tilepro/linux.h.orig> -> Conforme
Sat May 19 22:03:27 CEST 2018 gcc <creado gcc/config/m68k/linux.h.orig> -> Conforme
Sat May 19 22:03:27 CEST 2018 gcc <creado gcc/config/h8300/linux.h.orig> -> Conforme
Sat May 19 22:03:27 CEST 2018 gcc <creado gcc/config/i386/linux.h.orig> -> Conforme
Sat May 19 22:03:27 CEST 2018 gcc <creado gcc/config/i386/sysv4.h.orig> -> Conforme
Sat May 19 22:03:27 CEST 2018 gcc <creado gcc/config/i386/linux64.h.orig> -> Conforme
Sat May 19 22:03:27 CEST 2018 gcc <creado gcc/config/m32r/linux.h.orig> -> Conforme
Sat May 19 22:03:27 CEST 2018 gcc <creado gcc/config/riscv/linux.h.orig> -> Conforme
Sat May 19 22:03:27 CEST 2018 gcc <creado gcc/config/mn10300/linux.h.orig> -> Conforme
Sat May 19 22:03:27 CEST 2018 gcc <creado gcc/config/rs6000/linux.h.orig> -> Conforme
Sat May 19 22:03:27 CEST 2018 gcc <creado gcc/config/rs6000/sysv4.h.orig> -> Conforme
Sat May 19 22:03:27 CEST 2018 gcc <creado gcc/config/rs6000/linux64.h.orig> -> Conforme
Sat May 19 22:03:27 CEST 2018 gcc <creado gcc/config/sh/linux.h.orig> -> Conforme
Sat May 19 22:03:27 CEST 2018 gcc <creado gcc/config/xtensa/linux.h.orig> -> Conforme
Sat May 19 22:03:27 CEST 2018 gcc <creado gcc/config/sparc/linux.h.orig> -> Conforme
Sat May 19 22:03:27 CEST 2018 gcc <creado gcc/config/sparc/sysv4.h.orig> -> Conforme
Sat May 19 22:03:27 CEST 2018 gcc <creado gcc/config/sparc/linux64.h.orig> -> Conforme
Sat May 19 22:03:27 CEST 2018 gcc <creado gcc/config/arc/linux.h.orig> -> Conforme
Sat May 19 22:03:27 CEST 2018 gcc <creado gcc/config/bfin/linux.h.orig> -> Conforme
Sat May 19 22:03:27 CEST 2018 gcc <creado gcc/config/microblaze/linux.h.orig> -> Conforme
Sat May 19 22:03:27 CEST 2018 gcc <creado gcc/config/powerpcspe/linux.h.orig> -> Conforme
Sat May 19 22:03:27 CEST 2018 gcc <creado gcc/config/powerpcspe/sysv4.h.orig> -> Conforme
Sat May 19 22:03:27 CEST 2018 gcc <creado gcc/config/powerpcspe/linux64.h.orig> -> Conforme
Sat May 19 22:03:27 CEST 2018 gcc <creado gcc/config/nios2/linux.h.orig> -> Conforme
Sat May 19 22:03:27 CEST 2018 gcc <mkdir -v build> -> Conforme
Sat May 19 22:03:30 CEST 2018 gcc <Configure> -> Conforme
Sat May 19 22:21:19 CEST 2018 gcc <Make> -> Conforme
Sat May 19 22:21:35 CEST 2018 gcc <Make_install> -> Conforme
Sat May 19 22:21:39 CEST 2018 gcc <Tiempo de instalación> 22:03:19 22:21:39

Instalacion de gmp-6.0.0 cross-compile them into /tools
Sat May 19 22:22:06 CEST 2018 gmp <Configure> -> Conforme
Sat May 19 22:22:46 CEST 2018 gmp <Make> -> Conforme
Sat May 19 22:22:47 CEST 2018 gmp <Make_install> -> Conforme
Sat May 19 22:22:47 CEST 2018 gmp <Tiempo de instalación> 22:21:39 22:22:47

Instalacion de mpfr-3.1.2 cross-compile them into /tools
Sat May 19 22:22:55 CEST 2018 mpfr <Configure> -> Conforme
Sat May 19 22:23:19 CEST 2018 mpfr <Make> -> Conforme
Sat May 19 22:23:19 CEST 2018 mpfr <Make_install> -> Conforme
Sat May 19 22:23:19 CEST 2018 mpfr <Tiempo de instalación> 22:22:47 22:23:19

Instalacion de mpc-1.0.2 cross-compile them into /tools
Sat May 19 22:23:24 CEST 2018 mpc <Configure> -> Conforme
Sat May 19 22:23:31 CEST 2018 mpc <Make> -> Conforme
Sat May 19 22:23:31 CEST 2018 mpc <Make_install> -> Conforme
Sat May 19 22:23:31 CEST 2018 mpc <Tiempo de instalación> 22:23:19 22:23:31

Instalacion de isl-0.18 cross-compile them into /tools
Sat May 19 22:23:37 CEST 2018 isl <Configure> -> Conforme
Sat May 19 22:24:26 CEST 2018 isl <Make> -> Conforme
Sat May 19 22:24:27 CEST 2018 isl <Make_install> -> Conforme
Sat May 19 22:24:27 CEST 2018 isl <Tiempo de instalación> 22:23:31 22:24:27

Instalacion de cloog-0.18.4 cross-compile them into /tools
Sat May 19 22:24:31 CEST 2018 cloog <Configure> -> Conforme
Sat May 19 22:24:31 CEST 2018 cloog <cp -v Makefile{,.orig}> -> Conforme
Sat May 19 22:24:31 CEST 2018 cloog <sed '/cmake/d' Makefile.orig > Makefile> -> Conforme
Sat May 19 22:24:36 CEST 2018 cloog <Make> -> Conforme
Sat May 19 22:24:37 CEST 2018 cloog <Make_install> -> Conforme
Sat May 19 22:24:37 CEST 2018 cloog <Tiempo de instalación> 22:24:27 22:24:37

Instalacion de zlib-1.2.11 
Sat May 19 22:24:37 CEST 2018 zlib <Configure> -> Conforme
Sat May 19 22:24:41 CEST 2018 zlib <Make> -> Conforme
Sat May 19 22:24:41 CEST 2018 zlib <Make_install> -> Conforme
Sat May 19 22:24:41 CEST 2018 zlib <Tiempo de instalación> 22:24:37 22:24:41

Instalacion de binutils-2.30 
Sat May 19 22:24:48 CEST 2018 binutils <mkdir build> -> Conforme
Sat May 19 22:24:51 CEST 2018 binutils <Configure> -> Conforme
Sat May 19 22:26:38 CEST 2018 binutils <Make> -> Conforme
Sat May 19 22:26:39 CEST 2018 binutils <Make_install> -> Conforme
Sat May 19 22:26:40 CEST 2018 binutils <Tiempo de instalación> 22:24:41 22:26:40

Instalacion de gcc-8.1.0 3º Sistema temporal
Sat May 19 22:26:47 CEST 2018 gcc <creado gcc/config/ia64/linux.h.orig> -> Conforme
Sat May 19 22:26:47 CEST 2018 gcc <creado gcc/config/ia64/sysv4.h.orig> -> Conforme
Sat May 19 22:26:47 CEST 2018 gcc <creado gcc/config/alpha/linux.h.orig> -> Conforme
Sat May 19 22:26:47 CEST 2018 gcc <creado gcc/config/vax/linux.h.orig> -> Conforme
Sat May 19 22:26:47 CEST 2018 gcc <creado gcc/config/linux.h.orig> -> Conforme
Sat May 19 22:26:47 CEST 2018 gcc <creado gcc/config/cris/linux.h.orig> -> Conforme
Sat May 19 22:26:47 CEST 2018 gcc <creado gcc/config/tilegx/linux.h.orig> -> Conforme
Sat May 19 22:26:47 CEST 2018 gcc <creado gcc/config/s390/linux.h.orig> -> Conforme
Sat May 19 22:26:47 CEST 2018 gcc <creado gcc/config/mips/linux.h.orig> -> Conforme
Sat May 19 22:26:47 CEST 2018 gcc <creado gcc/config/frv/linux.h.orig> -> Conforme
Sat May 19 22:26:47 CEST 2018 gcc <creado gcc/config/tilepro/linux.h.orig> -> Conforme
Sat May 19 22:26:47 CEST 2018 gcc <creado gcc/config/m68k/linux.h.orig> -> Conforme
Sat May 19 22:26:47 CEST 2018 gcc <creado gcc/config/h8300/linux.h.orig> -> Conforme
Sat May 19 22:26:47 CEST 2018 gcc <creado gcc/config/i386/linux.h.orig> -> Conforme
Sat May 19 22:26:47 CEST 2018 gcc <creado gcc/config/i386/sysv4.h.orig> -> Conforme
Sat May 19 22:26:47 CEST 2018 gcc <creado gcc/config/i386/linux64.h.orig> -> Conforme
Sat May 19 22:26:47 CEST 2018 gcc <creado gcc/config/m32r/linux.h.orig> -> Conforme
Sat May 19 22:26:47 CEST 2018 gcc <creado gcc/config/riscv/linux.h.orig> -> Conforme
Sat May 19 22:26:47 CEST 2018 gcc <creado gcc/config/mn10300/linux.h.orig> -> Conforme
Sat May 19 22:26:47 CEST 2018 gcc <creado gcc/config/rs6000/linux.h.orig> -> Conforme
Sat May 19 22:26:47 CEST 2018 gcc <creado gcc/config/rs6000/sysv4.h.orig> -> Conforme
Sat May 19 22:26:47 CEST 2018 gcc <creado gcc/config/rs6000/linux64.h.orig> -> Conforme
Sat May 19 22:26:47 CEST 2018 gcc <creado gcc/config/sh/linux.h.orig> -> Conforme
Sat May 19 22:26:47 CEST 2018 gcc <creado gcc/config/xtensa/linux.h.orig> -> Conforme
Sat May 19 22:26:47 CEST 2018 gcc <creado gcc/config/sparc/linux.h.orig> -> Conforme
Sat May 19 22:26:47 CEST 2018 gcc <creado gcc/config/sparc/sysv4.h.orig> -> Conforme
Sat May 19 22:26:47 CEST 2018 gcc <creado gcc/config/sparc/linux64.h.orig> -> Conforme
Sat May 19 22:26:47 CEST 2018 gcc <creado gcc/config/arc/linux.h.orig> -> Conforme
Sat May 19 22:26:47 CEST 2018 gcc <creado gcc/config/bfin/linux.h.orig> -> Conforme
Sat May 19 22:26:47 CEST 2018 gcc <creado gcc/config/microblaze/linux.h.orig> -> Conforme
Sat May 19 22:26:47 CEST 2018 gcc <creado gcc/config/powerpcspe/linux.h.orig> -> Conforme
Sat May 19 22:26:47 CEST 2018 gcc <creado gcc/config/powerpcspe/sysv4.h.orig> -> Conforme
Sat May 19 22:26:47 CEST 2018 gcc <creado gcc/config/powerpcspe/linux64.h.orig> -> Conforme
Sat May 19 22:26:47 CEST 2018 gcc <creado gcc/config/nios2/linux.h.orig> -> Conforme
Sat May 19 22:26:47 CEST 2018 gcc <cp -v gcc/Makefile.in{,.orig}> -> Conforme
Sat May 19 22:26:47 CEST 2018 gcc <sed fixincludes> -> Conforme
Sat May 19 22:26:47 CEST 2018 gcc <mkdir -v build> -> Conforme
Sat May 19 22:26:51 CEST 2018 gcc <Configure> -> Conforme
Sat May 19 22:26:51 CEST 2018 gcc <cp -v Makefile{,.orig}> -> Conforme
Sat May 19 22:26:51 CEST 2018 gcc <sed GMP etc> -> Conforme
Sat May 19 22:50:56 CEST 2018 gcc <Make> -> Conforme
Sat May 19 22:51:15 CEST 2018 gcc <Make_install> -> Conforme
Sat May 19 22:51:15 CEST 2018 gcc <cp libiberty.h> -> Conforme
Sat May 19 22:51:18 CEST 2018 gcc <Tiempo de instalación> 22:26:40 22:51:18

Instalacion de ncurses-6.1 
Sat May 19 22:51:31 CEST 2018 ncurses <Configure> -> Conforme
Sat May 19 22:52:11 CEST 2018 ncurses <Make> -> Conforme
Sat May 19 22:52:21 CEST 2018 ncurses <Make_install> -> Conforme
Sat May 19 22:52:21 CEST 2018 ncurses <Tiempo de instalación> 22:51:18 22:52:21

Instalacion de bash-4.4.18 
Sat May 19 22:52:22 CEST 2018 bash <config.cache> -> Conforme
Sat May 19 22:52:47 CEST 2018 bash <Configure> -> Conforme
Sat May 19 22:53:08 CEST 2018 bash <Make> -> Conforme
Sat May 19 22:53:10 CEST 2018 bash <Make_install> -> Conforme
Sat May 19 22:53:10 CEST 2018 bash <Tiempo de instalación> 22:52:21 22:53:10

Instalacion de bzip2-1.0.6 
Sat May 19 22:53:10 CEST 2018 bzip2 <cp -v Makefile{,.orig}> -> Conforme
Sat May 19 22:53:10 CEST 2018 bzip2 <sed -e 's@^\(all:.*\) test@\1@g'> -> Conforme
Sat May 19 22:53:13 CEST 2018 bzip2 <Make> -> Conforme
Sat May 19 22:53:13 CEST 2018 bzip2 <Make_install> -> Conforme
Sat May 19 22:53:13 CEST 2018 bzip2 <Tiempo de instalación> 22:53:10 22:53:13

Instalacion de check-0.12.0 
Sat May 19 22:53:24 CEST 2018 check <Configure> -> Conforme
Sat May 19 22:53:32 CEST 2018 check <Make> -> Conforme
Sat May 19 22:53:33 CEST 2018 check <Make_install> -> Conforme
Sat May 19 22:53:33 CEST 2018 check <Tiempo de instalación> 22:53:13 22:53:33

Instalacion de coreutils-8.29 
Sat May 19 22:53:33 CEST 2018 coreutils <config.cache> -> Conforme
Sat May 19 22:54:22 CEST 2018 coreutils <Configure> -> Conforme
Sat May 19 22:54:53 CEST 2018 coreutils <Make> -> Conforme
Sat May 19 22:54:56 CEST 2018 coreutils <Make_install> -> Conforme
Sat May 19 22:54:56 CEST 2018 coreutils <Tiempo de instalación> 22:53:33 22:54:56

Instalacion de diffutils-3.6 
Sat May 19 22:55:24 CEST 2018 diffutils <Configure> -> Conforme
Sat May 19 22:55:33 CEST 2018 diffutils <Make> -> Conforme
Sat May 19 22:55:34 CEST 2018 diffutils <Make_install> -> Conforme
Sat May 19 22:55:34 CEST 2018 diffutils <Tiempo de instalación> 22:54:56 22:55:34

Instalacion de file-5.32 
Sat May 19 22:55:44 CEST 2018 file <Configure> -> Conforme
Sat May 19 22:55:46 CEST 2018 file <Make> -> Conforme
Sat May 19 22:55:47 CEST 2018 file <Make_install> -> Conforme
Sat May 19 22:55:47 CEST 2018 file <Tiempo de instalación> 22:55:34 22:55:47

Instalacion de findutils-4.6.0 
Sat May 19 22:55:47 CEST 2018 findutils <config.cache 1> -> Conforme
Sat May 19 22:55:47 CEST 2018 findutils <config.cache 2> -> Conforme
Sat May 19 22:56:36 CEST 2018 findutils <Configure> -> Conforme
Sat May 19 22:56:47 CEST 2018 findutils <Make> -> Conforme
Sat May 19 22:56:49 CEST 2018 findutils <Make_install> -> Conforme
Sat May 19 22:56:49 CEST 2018 findutils <Tiempo de instalación> 22:55:47 22:56:49

Instalacion de gawk-4.2.0 
Sat May 19 22:57:06 CEST 2018 gawk <Configure> -> Conforme
Sat May 19 22:57:22 CEST 2018 gawk <Make> -> Conforme
Sat May 19 22:57:23 CEST 2018 gawk <Make_install> -> Conforme
Sat May 19 22:57:23 CEST 2018 gawk <Tiempo de instalación> 22:56:49 22:57:23

Instalacion de gettext-0.19.8.1 
Sat May 19 22:57:24 CEST 2018 gettext <config.cache> -> Conforme
Sat May 19 22:58:25 CEST 2018 gettext <Configure> -> Conforme
Sat May 19 22:58:58 CEST 2018 gettext <Make> -> Conforme
Sat May 19 22:58:58 CEST 2018 gettext <Make> -> Conforme
Sat May 19 22:59:13 CEST 2018 gettext <Make> -> Conforme
Sat May 19 22:59:13 CEST 2018 gettext <Make_install> -> Conforme
Sat May 19 22:59:13 CEST 2018 gettext <Tiempo de instalación> 22:57:23 22:59:13

Instalacion de grep-3.1 
Sat May 19 22:59:38 CEST 2018 grep <Configure> -> Conforme
Sat May 19 22:59:43 CEST 2018 grep <Make> -> Conforme
Sat May 19 22:59:43 CEST 2018 grep <Make_install> -> Conforme
Sat May 19 22:59:43 CEST 2018 grep <Tiempo de instalación> 22:59:13 22:59:43

Instalacion de gzip-1.9 
Sat May 19 22:59:56 CEST 2018 gzip <Configure> -> Conforme
Sat May 19 22:59:59 CEST 2018 gzip <Make> -> Conforme
Sat May 19 23:00:00 CEST 2018 gzip <Make_install> -> Conforme
Sat May 19 23:00:00 CEST 2018 gzip <Tiempo de instalación> 22:59:43 23:00:00

Instalacion de make-4.2.1 
Sat May 19 23:00:00 CEST 2018 make <sed en glob/glob.c> -> Conforme
Sat May 19 23:00:09 CEST 2018 make <Configure> -> Conforme
Sat May 19 23:00:13 CEST 2018 make <Make> -> Conforme
Sat May 19 23:00:13 CEST 2018 make <Make_install> -> Conforme
Sat May 19 23:00:13 CEST 2018 make <Tiempo de instalación> 23:00:00 23:00:13

Instalacion de patch-2.7.6 
Sat May 19 23:00:39 CEST 2018 patch <Configure> -> Conforme
Sat May 19 23:00:44 CEST 2018 patch <Make> -> Conforme
Sat May 19 23:00:44 CEST 2018 patch <Make_install> -> Conforme
Sat May 19 23:00:44 CEST 2018 patch <Tiempo de instalación> 23:00:13 23:00:44

Instalacion de sed-4.4 
Sat May 19 23:01:07 CEST 2018 sed <Configure> -> Conforme
Sat May 19 23:01:12 CEST 2018 sed <Make> -> Conforme
Sat May 19 23:01:13 CEST 2018 sed <Make_install> -> Conforme
Sat May 19 23:01:13 CEST 2018 sed <Tiempo de instalación> 23:00:44 23:01:13

Instalacion de tar-1.30 
Sat May 19 23:01:13 CEST 2018 tar <config.cache> -> Conforme
Sat May 19 23:01:50 CEST 2018 tar <Configure> -> Conforme
Sat May 19 23:02:04 CEST 2018 tar <Make> -> Conforme
Sat May 19 23:02:05 CEST 2018 tar <Make_install> -> Conforme
Sat May 19 23:02:05 CEST 2018 tar <Tiempo de instalación> 23:01:13 23:02:05

Instalacion de util-linux-2.31.1 
Sat May 19 23:02:25 CEST 2018 util-linux <Configure> -> Conforme
Sat May 19 23:03:30 CEST 2018 util-linux <Make> -> Conforme
Sat May 19 23:03:33 CEST 2018 util-linux <Make_install> -> Conforme
Sat May 19 23:03:33 CEST 2018 util-linux <Tiempo de instalación> 23:02:05 23:03:33

Instalacion de xz-5.2.3 
Sat May 19 23:10:34 CEST 2018 xz <Configure> -> Conforme
Sat May 19 23:10:50 CEST 2018 xz <Make> -> Conforme
Sat May 19 23:10:51 CEST 2018 xz <Make_install> -> Conforme
Sat May 19 23:10:51 CEST 2018 xz <Tiempo de instalación> 23:10:26 23:10:51
